C51 COMPILER V9.60.7.0   SMC                                                               09/25/2024 12:06:34 PAGE 1   


C51 COMPILER V9.60.7.0, COMPILATION OF MODULE SMC
OBJECT MODULE PLACED IN .\Objects\SMC.obj
COMPILER INVOKED BY: C:\Keil_v5\C51\BIN\C51.EXE SMC.c LARGE OPTIMIZE(8,SPEED) BROWSE DEBUG OBJECTEXTEND PRINT(.\Listings
                    -\SMC.lst) TABS(2) OBJECT(.\Objects\SMC.obj)

line level    source

   1          #include <reg51.h>
   2          #include "LCD.h"
   3          #include "KEYPAD.h"
   4          #include "servo motor.h"
   5          #include "stdio.h"
   6          #include "stdlib.h"
   7          #include "string.h"
   8          #include "intrins.h"
   9          //unsigned int a,b,c;
  10          unsigned int angle = 0;
  11          extern char key;
  12          int index=0;
  13          char array[3];
  14          
  15          void main()
  16          {
  17   1        
  18   1        unsigned char loc = 6;
  19   1        lcd_init ();
  20   1        
  21   1      
  22   1            
  23   1      
  24   1        while(1)
  25   1        {
  26   2          
  27   2        lcd_set_cursor(0,1);
  28   2        lcd_string("Servo Motor ");
  29   2      
  30   2      //  keypad();   
  31   2      //  a=keypad();
  32   2      //  b=keypad();
  33   2      //  c=keypad();
  34   2      //    angle=a*100+b*10+c;
  35   2         lcd_set_cursor(1,loc);   
  36   2         key=keypad();
  37   2        //while(key =='\0');
  38   2      
  39   2        if(key != '=' && key !='\0')
  40   2          {
  41   3          
  42   3           lcd_set_cursor(1,loc);
  43   3           lcd_char(key);     
  44   3           array[index]=key;
  45   3           loc = loc + 1;
  46   3           index++;
  47   3            key = '\0';
  48   3          }
  49   2        
  50   2        else if(key == '=') {
  51   3        timer_init();
  52   3      
  53   3          array[index]= '\0';
  54   3          angle = atoi(array);
C51 COMPILER V9.60.7.0   SMC                                                               09/25/2024 12:06:34 PAGE 2   

  55   3          servo(angle);
  56   3          loc = 6;  
  57   3          index = 0;
  58   3            key = '\0';
  59   3      
  60   3          }
  61   2          
  62   2      //char array[3] = {"130"};        
  63   2      // angle = atoi(array);
  64   2      //  servo(angle);
  65   2       
  66   2          
  67   2        }
  68   1      }
  69          
  70          
  71           


MODULE INFORMATION:   STATIC OVERLAYABLE
   CODE SIZE        =    187    ----
   CONSTANT SIZE    =     13    ----
   XDATA SIZE       =      7       1
   PDATA SIZE       =   ----    ----
   DATA SIZE        =   ----    ----
   IDATA SIZE       =   ----    ----
   BIT SIZE         =   ----    ----
END OF MODULE INFORMATION.


C51 COMPILATION COMPLETE.  0 WARNING(S),  0 ERROR(S)
